
[     UTC     ] Logs for mlnusaraminingweb-knvrzjgk2myeybyj5k94fn.streamlit.app/
────────────────────────────────────────────────────────────────────────────────────────
[08:39:48] 🚀 Starting up repository: 'ml_nusara_mining_web', branch: 'master', main module: 'streamlit_app.py'
[08:39:48] 🐙 Cloning repository...
[08:39:50] 🐙 Cloning into '/mount/src/ml_nusara_mining_web'...

[08:39:50] 🐙 Cloned repository!
[08:39:50] 🐙 Pulling code changes from Github...
[08:39:51] 📦 Processing dependencies...
Check if streamlit is installed
cat: /mount/admin/install_path: No such file or directory

──────────────────────────────── Installing Streamlit ──────────────────────────────────

Using uv pip install.
Using Python 3.14.6 environment at /home/adminuser/venv
Resolved 42 packages in 462ms
Prepared 42 packages in 1.80s
Installed 42 packages in 315ms
 [2026-06-25 08:39:54.166423] + altair==6.2.2
 + anyio==4.14.1
 + attrs==26.1.0
 + blinker==1.9.0
 + cachetools==7.1.4
 + certifi==2026.6.17
 + charset-normalizer==3.4.7
 + click==8.4.2
 + gitdb==4.0.12
 + gitpython==3.1.50
 + h11==0.16.0
 + httptools==0.8.0
 + idna[2026-06-25 08:39:54.166949] ==3.18
 + itsdangerous==2.2.0
 + jinja2==3.1.6
 + jsonschema==4.26.0
 + jsonschema-specifications==2025.9.1
 + markupsafe==3.0.3[2026-06-25 08:39:54.167235] 
 + narwhals==2.22.1
 + numpy==2.5.0
 + packaging==26.2
 + pandas==3.0.3
 + pillow==12.2.0
 + protobuf==7.35.1
 + pyarrow==24.0.0
 + pydeck==0.9.2
 [2026-06-25 08:39:54.167676] + python-dateutil==2.9.0.post0
 + python-multipart==0.0.32
 + referencing==0.37.0
 + requests==2.34.2
 + rpds-py==2026.5.1
 [2026-06-25 08:39:54.167872] + six==1.17.0
 + smmap==5.0.3
 + starlette==1.3.1
 + streamlit==1.58.0
 + tenacity==9.1.4[2026-06-25 08:39:54.168409] 
 + toml==0.10.2
 + typing-extensions==4.15.0
 + urllib3==2.7.0
 + uvicorn==0.49.0[2026-06-25 08:39:54.168558] 
 + watchdog==6.0.0
 + websockets==16.0

────────────────────────────────────────────────────────────────────────────────────────

[08:39:54] 📦 Processed dependencies!
cat: /mount/admin/install_path: No such file or directory
2026-06-25 08:39:57.725 Uvicorn server started on 0.0.0.0:8501



2026-06-25 08:40:06.917 Uncaught app execution
Traceback (most recent call last):
  File "/home/adminuser/venv/lib/python3.14/site-packages/streamlit/runtime/scriptrunner/exec_code.py", line 129, in exec_func_with_error_handling
    result = func()
  File "/home/adminuser/venv/lib/python3.14/site-packages/streamlit/runtime/scriptrunner/script_runner.py", line 789, in code_to_exec
    exec(code, module.__dict__)  # noqa: S102
    ~~~~^^^^^^^^^^^^^^^^^^^^^^^
  File "/mount/src/ml_nusara_mining_web/streamlit_app.py", line 11, in <module>
    import plotly.express as px
ModuleNotFoundError: No module named 'plotly'
2026-06-25 08:40:31.732 Uncaught app execution
Traceback (most recent call last):
  File "/home/adminuser/venv/lib/python3.14/site-packages/streamlit/runtime/scriptrunner/exec_code.py", line 129, in exec_func_with_error_handling
    result = func()
  File "/home/adminuser/venv/lib/python3.14/site-packages/streamlit/runtime/scriptrunner/script_runner.py", line 789, in code_to_exec
    exec(code, module.__dict__)  # noqa: S102
    ~~~~^^^^^^^^^^^^^^^^^^^^^^^
  File "/mount/src/ml_nusara_mining_web/streamlit_app.py", line 11, in <module>
    import plotly.express as px
ModuleNotFoundError: No module named 'plotly'
2026-06-25 08:41:17.349 Uncaught app execution
Traceback (most recent call last):
  File "/home/adminuser/venv/lib/python3.14/site-packages/streamlit/runtime/scriptrunner/exec_code.py", line 129, in exec_func_with_error_handling
    result = func()
  File "/home/adminuser/venv/lib/python3.14/site-packages/streamlit/runtime/scriptrunner/script_runner.py", line 789, in code_to_exec
    exec(code, module.__dict__)  # noqa: S102
    ~~~~^^^^^^^^^^^^^^^^^^^^^^^
  File "/mount/src/ml_nusara_mining_web/streamlit_app.py", line 11, in <module>
    import plotly.express as px
ModuleNotFoundError: No module named 'plotly'
[09:12:22] 🐙 Pulling code changes from Github...
[09:12:23] 📦 Processing dependencies...

──────────────────────────────────────── uv ───────────────────────────────────────────

Using uv pip install.
Using Python 3.14.6 environment at /home/adminuser/venv
Resolved 43 packages in 138ms
Prepared 1 package in 421ms
Installed 1 package in 71ms
 + plotly==6.8.0
Checking if Streamlit is installed
Found Streamlit version 1.58.0 in the environment
Installing rich for an improved exception logging
Using uv pip install.
Using Python 3.14.6 environment at /home/adminuser/venv
Resolved 4 packages in 98ms
Prepared 4 packages in 101ms
Installed 4 packages in 11ms
 + markdown-it-py[2026-06-25 09:12:26.447974] ==4.2.0
 + mdurl==0.1.2
 + pygments==2.20.0
 + rich==15.0.0

────────────────────────────────────────────────────────────────────────────────────────

2026-06-25 09:12:26.960 Please replace `use_container_width` with `width`.

`use_container_width` will be removed after 2025-12-31.

For `use_container_width=True`, use `width='stretch'`. For `use_container_width=False`, use `width='content'`.
[09:12:27] 🐍 Python dependencies were installed from /mount/src/ml_nusara_mining_web/requirements.txt using uv.
[09:12:27] 📦 Processed dependencies!
  Stopping...
Exception in thread ScriptRunner.scriptThread:
Traceback (most recent call last):
  File "/usr/local/lib/python3.14/threading.py", line 1082, in _bootstrap_inner
    self._context.run(self.run)
    ~~~~~~~~~~~~~~~~~^^^^^^^^^^
  File "/usr/local/lib/python3.14/threading.py", line 1024, in run
    self._target(*self._args, **self._kwargs)
    ~~~~~~~~~~~~^^^^^^^^^^^^^^^^^^^^^^^^^^^^^
  File "/home/adminuser/venv/lib/python3.14/site-packages/streamlit/runtime/scriptrunner/script_runner.py", line 419, in _run_script_thread
    self._run_script(request.rerun_data)
    ~~~~~~~~~~~~~~~~^^^^^^^^^^^^^^^^^^^^
  File "/home/adminuser/venv/lib/python3.14/site-packages/streamlit/runtime/scriptrunner/script_runner.py", line 847, in _run_script
    self._on_script_finished(ctx, finished_event, premature_stop)
    ~~~~~~~~~~~~~~~~~~~~~~~~^^^^^^^^^^^^^^^^^^^^^^^^^^^^^^^^^^^^^
  File "/home/adminuser/venv/lib/python3.14/site-packages/streamlit/runtime/scriptrunner/script_runner.py", line 873, in _on_script_finished
    self.on_event.send(self, event=event)
    ~~~~~~~~~~~~~~~~~~^^^^^^^^^^^^^^^^^^^
  File "/home/adminuser/venv/lib/python3.14/site-packages/blinker/base.py", line 249, in send
    result = receiver(sender, **kwargs)
  File "/home/adminuser/venv/lib/python3.14/site-packages/streamlit/runtime/app_session.py", line 586, in _on_scriptrunner_event
    self._event_loop.call_soon_threadsafe(
    ~~~~~~~~~~~~~~~~~~~~~~~~~~~~~~~~~~~~~^
        lambda: self._handle_scriptrunner_event_on_event_loop(
        ^^^^^^^^^^^^^^^^^^^^^^^^^^^^^^^^^^^^^^^^^^^^^^^^^^^^^^
    ...<8 lines>...
        )
        ^
    )
    ^
  File "/usr/local/lib/python3.14/asyncio/base_events.py", line 872, in call_soon_threadsafe
    self._check_closed()
    ~~~~~~~~~~~~~~~~~~^^
  File "/usr/local/lib/python3.14/asyncio/base_events.py", line 550, in _check_closed
    raise RuntimeError('Event loop is closed')
RuntimeError: Event loop is closed
2026-06-25 09:12:29.083 Uvicorn server started on 0.0.0.0:8501



[09:12:30] 🔄 Updated app!
2026-06-25 09:12:32.315 Please replace `use_container_width` with `width`.

`use_container_width` will be removed after 2025-12-31.

For `use_container_width=True`, use `width='stretch'`. For `use_container_width=False`, use `width='content'`.
2026-06-25 09:12:32.636 Please replace `use_container_width` with `width`.

`use_container_width` will be removed after 2025-12-31.

For `use_container_width=True`, use `width='stretch'`. For `use_container_width=False`, use `width='content'`.
2026-06-25 09:12:34.642 Please replace `use_container_width` with `width`.

`use_container_width` will be removed after 2025-12-31.

For `use_container_width=True`, use `width='stretch'`. For `use_container_width=False`, use `width='content'`.
2026-06-25 09:12:34.649 Please replace `use_container_width` with `width`.

`use_container_width` will be removed after 2025-12-31.

For `use_container_width=True`, use `width='stretch'`. For `use_container_width=False`, use `width='content'`.
2026-06-25 09:21:01.274 Please replace `use_container_width` with `width`.

`use_container_width` will be removed after 2025-12-31.

For `use_container_width=True`, use `width='stretch'`. For `use_container_width=False`, use `width='content'`.
2026-06-25 09:21:01.592 Please replace `use_container_width` with `width`.

`use_container_width` will be removed after 2025-12-31.

For `use_container_width=True`, use `width='stretch'`. For `use_container_width=False`, use `width='content'`.
2026-06-25 09:21:06.331 Please replace `use_container_width` with `width`.

`use_container_width` will be removed after 2025-12-31.

For `use_container_width=True`, use `width='stretch'`. For `use_container_width=False`, use `width='content'`.
2026-06-25 09:21:06.341 Please replace `use_container_width` with `width`.

`use_container_width` will be removed after 2025-12-31.

For `use_container_width=True`, use `width='stretch'`. For `use_container_width=False`, use `width='content'`.
2026-06-25 09:21:21.361 Please replace `use_container_width` with `width`.

`use_container_width` will be removed after 2025-12-31.

For `use_container_width=True`, use `width='stretch'`. For `use_container_width=False`, use `width='content'`.
2026-06-25 09:21:26.028 Please replace `use_container_width` with `width`.

`use_container_width` will be removed after 2025-12-31.

For `use_container_width=True`, use `width='stretch'`. For `use_container_width=False`, use `width='content'`.
2026-06-25 09:21:30.437 Please replace `use_container_width` with `width`.

`use_container_width` will be removed after 2025-12-31.

For `use_container_width=True`, use `width='stretch'`. For `use_container_width=False`, use `width='content'`.
2026-06-25 09:21:32.446 Please replace `use_container_width` with `width`.

`use_container_width` will be removed after 2025-12-31.

For `use_container_width=True`, use `width='stretch'`. For `use_container_width=False`, use `width='content'`.
2026-06-25 09:21:43.622 Please replace `use_container_width` with `width`.

`use_container_width` will be removed after 2025-12-31.

For `use_container_width=True`, use `width='stretch'`. For `use_container_width=False`, use `width='content'`.
2026-06-25 09:21:45.046 Please replace `use_container_width` with `width`.

`use_container_width` will be removed after 2025-12-31.

For `use_container_width=True`, use `width='stretch'`. For `use_container_width=False`, use `width='content'`.
────────────────────── Traceback (most recent call last) ───────────────────────
  /home/adminuser/venv/lib/python3.14/site-packages/streamlit/runtime/scriptru  
  nner/exec_code.py:129 in exec_func_with_error_handling                        
                                                                                
  /home/adminuser/venv/lib/python3.14/site-packages/streamlit/runtime/scriptru  
  nner/script_runner.py:789 in code_to_exec                                     
                                                                                
  /mount/src/ml_nusara_mining_web/streamlit_app.py:837 in <module>              
                                                                                
    834 │   """, unsafe_allow_html=True)                                        
    835                                                                         
    836 if __name__ == "__main__":                                              
  ❱ 837 │   main()                                                              
    838                                                                         
                                                                                
  /mount/src/ml_nusara_mining_web/streamlit_app.py:693 in main                  
                                                                                
    690 │   │   │   │   data = call_api("/predict/cost-anomaly", data=None, me  
    691 │   │   │                                                               
    692 │   │   │   if data:                                                    
  ❱ 693 │   │   │   │   display_cost_anomalies(data)                            
    694 │   │   │   else:                                                       
    695 │   │   │   │   st.error("Failed to get anomaly detection results")     
    696                                                                         
                                                                                
  /mount/src/ml_nusara_mining_web/streamlit_app.py:324 in                       
  display_cost_anomalies                                                        
                                                                                
    321 │   with col4:                                                          
    322 │   │   st.metric("Avg Variance %", f"{summary.get('avg_variance_pct',  
    323 │                                                                       
  ❱ 324 │   st.plotly_chart(create_anomaly_chart(anomalies, summary), use_cont  
    325 │                                                                       
    326 │   # Anomaly Details                                                   
    327 │   st.subheader("🚨 Detected Anomalies")                               
                                                                                
  /mount/src/ml_nusara_mining_web/streamlit_app.py:154 in create_anomaly_chart  
                                                                                
    151 │                                                                       
    152 │   fig = go.Figure()                                                   
    153 │                                                                       
  ❱ 154 │   fig.add_trace(go.Bar(                                               
    155 │   │   x=df.get('project_name', ['N/A'] * len(df)),                    
    156 │   │   y=df.get('variance_pct', [0] * len(df)),                        
    157 │   │   marker_color=df.get('variance_pct', [0] * len(df)),             
                                                                                
  /home/adminuser/venv/lib/python3.14/site-packages/plotly/graph_objs/_bar.py:  
  2689 in __init__                                                              
                                                                                
    2686 │   │                                                                  
    2687 │   │   self._props["type"] = "bar"                                    
    2688 │   │   arg.pop("type", None)                                          
  ❱ 2689 │   │   self._process_kwargs(**dict(arg, **kwargs))                    
    2690 │   │   self._skip_invalid = False                                     
    2691                                                                        
                                                                                
  /home/adminuser/venv/lib/python3.14/site-packages/plotly/basedatatypes.py:44  
  51 in _process_kwargs                                                         
                                                                                
    4448 │   │   │   │   # Set extra property as-is                             
    4449 │   │   │   │   self[k] = v                                            
    4450 │   │   │   elif not self._skip_invalid:                               
  ❱ 4451 │   │   │   │   raise err                                              
    4452 │   │   # No need to call _raise_on_invalid_property_error here,       
    4453 │   │   # because we have it set up so that the singular case of call  
    4454 │   │   # __setitem__ will raise this. If _check_path_in_prop_tree     
────────────────────────────────────────────────────────────────────────────────
ValueError: Invalid property specified for object of type plotly.graph_objs.Bar:
'colorscale'

Did you mean "hoverlabel"?

    Valid properties:
        alignmentgroup
            Set several traces linked to the same position axis or
            matching axes to the same alignmentgroup. This controls
            whether bars compute their positional range dependently
            or independently.
        base
            Sets where the bar base is drawn (in position axis
            units). In "stack" or "relative" barmode, traces that
            set "base" will be excluded and drawn in "overlay" mode
            instead.
        basesrc
            Sets the source reference on Chart Studio Cloud for
            `base`.
        cliponaxis
            Determines whether the text nodes are clipped about the
            subplot axes. To show the text nodes above axis lines
            and tick labels, make sure to set `xaxis.layer` and
            `yaxis.layer` to *below traces*.
        constraintext
            Constrain the size of text inside or outside a bar to
            be no larger than the bar itself.
        customdata
            Assigns extra data each datum. This may be useful when
            listening to hover, click and selection events. Note
            that, "scatter" traces also appends customdata items in
            the markers DOM elements
        customdatasrc
            Sets the source reference on Chart Studio Cloud for
            `customdata`.
        dx
            Sets the x coordinate step. See `x0` for more info.
        dy
            Sets the y coordinate step. See `y0` for more info.
        error_x
            :class:`plotly.graph_objects.bar.ErrorX` instance or
            dict with compatible properties
        error_y
            :class:`plotly.graph_objects.bar.ErrorY` instance or
            dict with compatible properties
        hoverinfo
            Determines which trace information appear on hover. If
            `none` or `skip` are set, no information is displayed
            upon hovering. But, if `none` is set, click and hover
            events are still fired.
        hoverinfosrc
            Sets the source reference on Chart Studio Cloud for
            `hoverinfo`.
        hoverlabel
            :class:`plotly.graph_objects.bar.Hoverlabel` instance
            or dict with compatible properties
        hovertemplate
            Template string used for rendering the information that
            appear on hover box. Note that this will override
            `hoverinfo`. Variables are inserted using %{variable},
            for example "y: %{y}" as well as %{xother}, {%_xother},
            {%_xother_}, {%xother_}. When showing info for several
            points, "xother" will be added to those with different
            x positions from the first point. An underscore before
            or after "(x|y)other" will add a space on that side,
            only when this field is shown. Numbers are formatted
            using d3-format's syntax %{variable:d3-format}, for
            example "Price: %{y:$.2f}".
            https://github.com/d3/d3-format/tree/v1.4.5#d3-format
            for details on the formatting syntax. Dates are
            formatted using d3-time-format's syntax
            %{variable|d3-time-format}, for example "Day:
            %{2019-01-01|%A}". https://github.com/d3/d3-time-
            format/tree/v2.2.3#locale_format for details on the
            date formatting syntax. Variables that can't be found
            will be replaced with the specifier. For example, a
            template of "data: %{x}, %{y}" will result in a value
            of "data: 1, %{y}" if x is 1 and y is missing.
            Variables with an undefined value will be replaced with
            the fallback value. The variables available in
            `hovertemplate` are the ones emitted as event data
            described at this link
            https://plotly.com/javascript/plotlyjs-events/#event-
            data. Additionally, all attributes that can be
            specified per-point (the ones that are `arrayOk: true`)
            are available. Finally, the template string has access
            to variables `value` and `label`. Anything contained in
            tag `<extra>` is displayed in the secondary box, for
            example `<extra>%{fullData.name}</extra>`. To hide the
            secondary box completely, use an empty tag
            `<extra></extra>`.
        hovertemplatefallback
            Fallback string that's displayed when a variable
            referenced in a template is missing. If the boolean
            value 'false' is passed in, the specifier with the
            missing variable will be displayed.
        hovertemplatesrc
            Sets the source reference on Chart Studio Cloud for
            `hovertemplate`.
        hovertext
            Sets hover text elements associated with each (x,y)
            pair. If a single string, the same string appears over
            all the data points. If an array of string, the items
            are mapped in order to the this trace's (x,y)
            coordinates. To be seen, trace `hoverinfo` must contain
            a "text" flag.
        hovertextsrc
            Sets the source reference on Chart Studio Cloud for
            `hovertext`.
        ids
            Assigns id labels to each datum. These ids for object
            constancy of data points during animation. Should be an
            array of strings, not numbers or any other type.
        idssrc
            Sets the source reference on Chart Studio Cloud for
            `ids`.
        insidetextanchor
            Determines if texts are kept at center or start/end
            points in `textposition` "inside" mode.
        insidetextfont
            Sets the font used for `text` lying inside the bar.
        legend
            Sets the reference to a legend to show this trace in.
            References to these legends are "legend", "legend2",
            "legend3", etc. Settings for these legends are set in
            the layout, under `layout.legend`, `layout.legend2`,
            etc.
        legendgroup
            Sets the legend group for this trace. Traces and shapes
            part of the same legend group hide/show at the same
            time when toggling legend items.
        legendgrouptitle
            :class:`plotly.graph_objects.bar.Legendgrouptitle`
            instance or dict with compatible properties
        legendrank
            Sets the legend rank for this trace. Items and groups
            with smaller ranks are presented on top/left side while
            with "reversed" `legend.traceorder` they are on
            bottom/right side. The default legendrank is 1000, so
            that you can use ranks less than 1000 to place certain
            items before all unranked items, and ranks greater than
            1000 to go after all unranked items. When having
            unranked or equal rank items shapes would be displayed
            after traces i.e. according to their order in data and
            layout.
        legendwidth
            Sets the width (in px or fraction) of the legend for
            this trace.
        marker
            :class:`plotly.graph_objects.bar.Marker` instance or
            dict with compatible properties
        meta
            Assigns extra meta information associated with this
            trace that can be used in various text attributes.
            Attributes such as trace `name`, graph, axis and
            colorbar `title.text`, annotation `text`
            `rangeselector`, `updatemenues` and `sliders` `label`
            text all support `meta`. To access the trace `meta`
            values in an attribute in the same trace, simply use
            `%{meta[i]}` where `i` is the index or key of the
            `meta` item in question. To access trace `meta` in
            layout attributes, use `%{data[n[.meta[i]}` where `i`
            is the index or key of the `meta` and `n` is the trace
            index.
        metasrc
            Sets the source reference on Chart Studio Cloud for
            `meta`.
        name
            Sets the trace name. The trace name appears as the
            legend item and on hover.
        offset
            Shifts the position where the bar is drawn (in position
            axis units). In "group" barmode, traces that set
            "offset" will be excluded and drawn in "overlay" mode
            instead.
        offsetgroup
            Set several traces linked to the same position axis or
            matching axes to the same offsetgroup where bars of the
            same position coordinate will line up.
        offsetsrc
            Sets the source reference on Chart Studio Cloud for
            `offset`.
        opacity
            Sets the opacity of the trace.
        orientation
            Sets the orientation of the bars. With "v" ("h"), the
            value of the each bar spans along the vertical
            (horizontal).
        outsidetextfont
            Sets the font used for `text` lying outside the bar.
        selected
            :class:`plotly.graph_objects.bar.Selected` instance or
            dict with compatible properties
        selectedpoints
            Array containing integer indices of selected points.
            Has an effect only for traces that support selections.
            Note that an empty array means an empty selection where
            the `unselected` are turned on for all points, whereas,
            any other non-array values means no selection all where
            the `selected` and `unselected` styles have no effect.
        showlegend
            Determines whether or not an item corresponding to this
            trace is shown in the legend.
        stream
            :class:`plotly.graph_objects.bar.Stream` instance or
            dict with compatible properties
        text
            Sets text elements associated with each (x,y) pair. If
            a single string, the same string appears over all the
            data points. If an array of string, the items are
            mapped in order to the this trace's (x,y) coordinates.
            If trace `hoverinfo` contains a "text" flag and
            "hovertext" is not set, these elements will be seen in
            the hover labels.
        textangle
            Sets the angle of the tick labels with respect to the
            bar. For example, a `tickangle` of -90 draws the tick
            labels vertically. With "auto" the texts may
            automatically be rotated to fit with the maximum size
            in bars.
        textfont
            Sets the font used for `text`.
        textposition
            Specifies the location of the `text`. "inside"
            positions `text` inside, next to the bar end (rotated
            and scaled if needed). "outside" positions `text`
            outside, next to the bar end (scaled if needed), unless
            there is another bar stacked on this one, then the text
            gets pushed inside. "auto" tries to position `text`
            inside the bar, but if the bar is too small and no bar
            is stacked on this one the text is moved outside. If
            "none", no text appears.
        textpositionsrc
            Sets the source reference on Chart Studio Cloud for
            `textposition`.
        textsrc
            Sets the source reference on Chart Studio Cloud for
            `text`.
        texttemplate
            Template string used for rendering the information text
            that appears on points. Note that this will override
            `textinfo`. Variables are inserted using %{variable},
            for example "y: %{y}". Numbers are formatted using
            d3-format's syntax %{variable:d3-format}, for example
            "Price: %{y:$.2f}".
            https://github.com/d3/d3-format/tree/v1.4.5#d3-format
            for details on the formatting syntax. Dates are
            formatted using d3-time-format's syntax
            %{variable|d3-time-format}, for example "Day:
            %{2019-01-01|%A}". https://github.com/d3/d3-time-
            format/tree/v2.2.3#locale_format for details on the
            date formatting syntax. Variables that can't be found
            will be replaced with the specifier. For example, a
            template of "data: %{x}, %{y}" will result in a value
            of "data: 1, %{y}" if x is 1 and y is missing.
            Variables with an undefined value will be replaced with
            the fallback value. All attributes that can be
            specified per-point (the ones that are `arrayOk: true`)
            are available. Finally, the template string has access
            to variables `value` and `label`.
        texttemplatefallback
            Fallback string that's displayed when a variable
            referenced in a template is missing. If the boolean
            value 'false' is passed in, the specifier with the
            missing variable will be displayed.
        texttemplatesrc
            Sets the source reference on Chart Studio Cloud for
            `texttemplate`.
        uid
            Assign an id to this trace, Use this to provide object
            constancy between traces during animations and
            transitions.
        uirevision
            Controls persistence of some user-driven changes to the
            trace: `constraintrange` in `parcoords` traces, as well
            as some `editable: true` modifications such as `name`
            and `colorbar.title`. Defaults to `layout.uirevision`.
            Note that other user-driven trace attribute changes are
            controlled by `layout` attributes: `trace.visible` is
            controlled by `layout.legend.uirevision`,
            `selectedpoints` is controlled by
            `layout.selectionrevision`, and `colorbar.(x|y)`
            (accessible with `config: {editable: true}`) is
            controlled by `layout.editrevision`. Trace changes are
            tracked by `uid`, which only falls back on trace index
            if no `uid` is provided. So if your app can add/remove
            traces before the end of the `data` array, such that
            the same trace has a different index, you can still
            preserve user-driven changes if you give each trace a
            `uid` that stays with it as it moves.
        unselected
            :class:`plotly.graph_objects.bar.Unselected` instance
            or dict with compatible properties
        visible
            Determines whether or not this trace is visible. If
            "legendonly", the trace is not drawn, but can appear as
            a legend item (provided that the legend itself is
            visible).
        width
            Sets the bar width (in position axis units).
        widthsrc
            Sets the source reference on Chart Studio Cloud for
            `width`.
        x
            Sets the x coordinates.
        x0
            Alternate to `x`. Builds a linear space of x
            coordinates. Use with `dx` where `x0` is the starting
            coordinate and `dx` the step.
        xaxis
            Sets a reference between this trace's x coordinates and
            a 2D cartesian x axis. If "x" (the default value), the
            x coordinates refer to `layout.xaxis`. If "x2", the x
            coordinates refer to `layout.xaxis2`, and so on.
        xcalendar
            Sets the calendar system to use with `x` date data.
        xhoverformat
            Sets the hover text formatting rulefor `x`  using d3
            formatting mini-languages which are very similar to
            those in Python. For numbers, see:
            https://github.com/d3/d3-format/tree/v1.4.5#d3-format.
            And for dates see: https://github.com/d3/d3-time-
            format/tree/v2.2.3#locale_format. We add two items to
            d3's date formatter: "%h" for half of the year as a
            decimal number as well as "%{n}f" for fractional
            seconds with n digits. For example, *2016-10-13
            09:15:23.456* with tickformat "%H~%M~%S.%2f" would
            display *09~15~23.46*By default the values are
            formatted using `xaxis.hoverformat`.
        xperiod
            Only relevant when the axis `type` is "date". Sets the
            period positioning in milliseconds or "M<n>" on the x
            axis. Special values in the form of "M<n>" could be
            used to declare the number of months. In this case `n`
            must be a positive integer.
        xperiod0
            Only relevant when the axis `type` is "date". Sets the
            base for period positioning in milliseconds or date
            string on the x0 axis. When `x0period` is round number
            of weeks, the `x0period0` by default would be on a
            Sunday i.e. 2000-01-02, otherwise it would be at
            2000-01-01.
        xperiodalignment
            Only relevant when the axis `type` is "date". Sets the
            alignment of data points on the x axis.
        xsrc
            Sets the source reference on Chart Studio Cloud for
            `x`.
        y
            Sets the y coordinates.
        y0
            Alternate to `y`. Builds a linear space of y
            coordinates. Use with `dy` where `y0` is the starting
            coordinate and `dy` the step.
        yaxis
            Sets a reference between this trace's y coordinates and
            a 2D cartesian y axis. If "y" (the default value), the
            y coordinates refer to `layout.yaxis`. If "y2", the y
            coordinates refer to `layout.yaxis2`, and so on.
        ycalendar
            Sets the calendar system to use with `y` date data.
        yhoverformat
            Sets the hover text formatting rulefor `y`  using d3
            formatting mini-languages which are very similar to
            those in Python. For numbers, see:
            https://github.com/d3/d3-format/tree/v1.4.5#d3-format.
            And for dates see: https://github.com/d3/d3-time-
            format/tree/v2.2.3#locale_format. We add two items to
            d3's date formatter: "%h" for half of the year as a
            decimal number as well as "%{n}f" for fractional
            seconds with n digits. For example, *2016-10-13
            09:15:23.456* with tickformat "%H~%M~%S.%2f" would
            display *09~15~23.46*By default the values are
            formatted using `yaxis.hoverformat`.
        yperiod
            Only relevant when the axis `type` is "date". Sets the
            period positioning in milliseconds or "M<n>" on the y
            axis. Special values in the form of "M<n>" could be
            used to declare the number of months. In this case `n`
            must be a positive integer.
        yperiod0
            Only relevant when the axis `type` is "date". Sets the
            base for period positioning in milliseconds or date
            string on the y0 axis. When `y0period` is round number
            of weeks, the `y0period0` by default would be on a
            Sunday i.e. 2000-01-02, otherwise it would be at
            2000-01-01.
        yperiodalignment
            Only relevant when the axis `type` is "date". Sets the
            alignment of data points on the y axis.
        ysrc
            Sets the source reference on Chart Studio Cloud for
            `y`.
        zorder
            Sets the layer on which this trace is displayed,
            relative to other SVG traces on the same subplot. SVG
            traces with higher `zorder` appear in front of those
            with lower `zorder`.
        
Did you mean "hoverlabel"?

Bad property path:
colorscale
^^^^^^^^^^
2026-06-25 09:21:53.174 Please replace `use_container_width` with `width`.

`use_container_width` will be removed after 2025-12-31.

For `use_container_width=True`, use `width='stretch'`. For `use_container_width=False`, use `width='content'`.
2026-06-25 09:21:55.139 Please replace `use_container_width` with `width`.

`use_container_width` will be removed after 2025-12-31.

For `use_container_width=True`, use `width='stretch'`. For `use_container_width=False`, use `width='content'`.
2026-06-25 09:21:55.474 Please replace `use_container_width` with `width`.

`use_container_width` will be removed after 2025-12-31.

For `use_container_width=True`, use `width='stretch'`. For `use_container_width=False`, use `width='content'`.
2026-06-25 09:21:55.480 Please replace `use_container_width` with `width`.

`use_container_width` will be removed after 2025-12-31.

For `use_container_width=True`, use `width='stretch'`. For `use_container_width=False`, use `width='content'`.
2026-06-25 09:21:55.481 Serialization of dataframe to Arrow table was unsuccessful. Applying automatic fixes for column types to make the dataframe Arrow-compatible.
Traceback (most recent call last):
  File "/home/adminuser/venv/lib/python3.14/site-packages/streamlit/dataframe_util.py", line 961, in convert_pandas_df_to_arrow_bytes
    table = pa.Table.from_pandas(df)
  File "pyarrow/table.pxi", line 4768, in pyarrow.lib.Table.from_pandas
  File "/home/adminuser/venv/lib/python3.14/site-packages/pyarrow/pandas_compat.py", line 651, in dataframe_to_arrays
    arrays = [convert_column(c, f)
              ~~~~~~~~~~~~~~^^^^^^
  File "/home/adminuser/venv/lib/python3.14/site-packages/pyarrow/pandas_compat.py", line 639, in convert_column
    raise e
  File "/home/adminuser/venv/lib/python3.14/site-packages/pyarrow/pandas_compat.py", line 633, in convert_column
    result = pa.array(col, type=type_, from_pandas=True, safe=safe)
  File "pyarrow/array.pxi", line 390, in pyarrow.lib.array
  File "pyarrow/array.pxi", line 91, in pyarrow.lib._ndarray_to_array
    check_status(NdarrayToArrow(pool, values, mask, from_pandas,
  File "pyarrow/error.pxi", line 92, in pyarrow.lib.check_status
pyarrow.lib.ArrowTypeError: ("Expected bytes, got a 'float' object", 'Conversion failed for column Value with type object')
2026-06-25 09:21:55.488 Please replace `use_container_width` with `width`.

`use_container_width` will be removed after 2025-12-31.

For `use_container_width=True`, use `width='stretch'`. For `use_container_width=False`, use `width='content'`.
2026-06-25 09:22:13.615 Please replace `use_container_width` with `width`.

`use_container_width` will be removed after 2025-12-31.

For `use_container_width=True`, use `width='stretch'`. For `use_container_width=False`, use `width='content'`.
2026-06-25 09:22:15.558 Please replace `use_container_width` with `width`.

`use_container_width` will be removed after 2025-12-31.

For `use_container_width=True`, use `width='stretch'`. For `use_container_width=False`, use `width='content'`.
────────────────────── Traceback (most recent call last) ───────────────────────
  /home/adminuser/venv/lib/python3.14/site-packages/streamlit/runtime/scriptru  
  nner/exec_code.py:129 in exec_func_with_error_handling                        
                                                                                
  /home/adminuser/venv/lib/python3.14/site-packages/streamlit/runtime/scriptru  
  nner/script_runner.py:789 in code_to_exec                                     
                                                                                
  /mount/src/ml_nusara_mining_web/streamlit_app.py:837 in <module>              
                                                                                
    834 │   """, unsafe_allow_html=True)                                        
    835                                                                         
    836 if __name__ == "__main__":                                              
  ❱ 837 │   main()                                                              
    838                                                                         
                                                                                
  /mount/src/ml_nusara_mining_web/streamlit_app.py:751 in main                  
                                                                                
    748 │   │   │   │                                                           
    749 │   │   │   │   with tab3:                                              
    750 │   │   │   │   │   cost_data = data.get("models", {}).get("cost_anoma  
  ❱ 751 │   │   │   │   │   display_cost_anomalies(cost_data)                   
    752 │   │   │   │                                                           
    753 │   │   │   │   with tab4:                                              
    754 │   │   │   │   │   whatif_data = data.get("models", {}).get("whatif_s  
                                                                                
  /mount/src/ml_nusara_mining_web/streamlit_app.py:324 in                       
  display_cost_anomalies                                                        
                                                                                
    321 │   with col4:                                                          
    322 │   │   st.metric("Avg Variance %", f"{summary.get('avg_variance_pct',  
    323 │                                                                       
  ❱ 324 │   st.plotly_chart(create_anomaly_chart(anomalies, summary), use_cont  
    325 │                                                                       
    326 │   # Anomaly Details                                                   
    327 │   st.subheader("🚨 Detected Anomalies")                               
                                                                                
  /mount/src/ml_nusara_mining_web/streamlit_app.py:154 in create_anomaly_chart  
                                                                                
    151 │                                                                       
    152 │   fig = go.Figure()                                                   
    153 │                                                                       
  ❱ 154 │   fig.add_trace(go.Bar(                                               
    155 │   │   x=df.get('project_name', ['N/A'] * len(df)),                    
    156 │   │   y=df.get('variance_pct', [0] * len(df)),                        
    157 │   │   marker_color=df.get('variance_pct', [0] * len(df)),             
                                                                                
  /home/adminuser/venv/lib/python3.14/site-packages/plotly/graph_objs/_bar.py:  
  2689 in __init__                                                              
                                                                                
    2686 │   │                                                                  
    2687 │   │   self._props["type"] = "bar"                                    
    2688 │   │   arg.pop("type", None)                                          
  ❱ 2689 │   │   self._process_kwargs(**dict(arg, **kwargs))                    
    2690 │   │   self._skip_invalid = False                                     
    2691                                                                        
                                                                                
  /home/adminuser/venv/lib/python3.14/site-packages/plotly/basedatatypes.py:44  
  51 in _process_kwargs                                                         
                                                                                
    4448 │   │   │   │   # Set extra property as-is                             
    4449 │   │   │   │   self[k] = v                                            
    4450 │   │   │   elif not self._skip_invalid:                               
  ❱ 4451 │   │   │   │   raise err                                              
    4452 │   │   # No need to call _raise_on_invalid_property_error here,       
    4453 │   │   # because we have it set up so that the singular case of call  
    4454 │   │   # __setitem__ will raise this. If _check_path_in_prop_tree     
────────────────────────────────────────────────────────────────────────────────
ValueError: Invalid property specified for object of type plotly.graph_objs.Bar:
'colorscale'

Did you mean "hoverlabel"?

    Valid properties:
        alignmentgroup
            Set several traces linked to the same position axis or
            matching axes to the same alignmentgroup. This controls
            whether bars compute their positional range dependently
            or independently.
        base
            Sets where the bar base is drawn (in position axis
            units). In "stack" or "relative" barmode, traces that
            set "base" will be excluded and drawn in "overlay" mode
            instead.
        basesrc
            Sets the source reference on Chart Studio Cloud for
            `base`.
        cliponaxis
            Determines whether the text nodes are clipped about the
            subplot axes. To show the text nodes above axis lines
            and tick labels, make sure to set `xaxis.layer` and
            `yaxis.layer` to *below traces*.
        constraintext
            Constrain the size of text inside or outside a bar to
            be no larger than the bar itself.
        customdata
            Assigns extra data each datum. This may be useful when
            listening to hover, click and selection events. Note
            that, "scatter" traces also appends customdata items in
            the markers DOM elements
        customdatasrc
            Sets the source reference on Chart Studio Cloud for
            `customdata`.
        dx
            Sets the x coordinate step. See `x0` for more info.
        dy
            Sets the y coordinate step. See `y0` for more info.
        error_x
            :class:`plotly.graph_objects.bar.ErrorX` instance or
            dict with compatible properties
        error_y
            :class:`plotly.graph_objects.bar.ErrorY` instance or
            dict with compatible properties
        hoverinfo
            Determines which trace information appear on hover. If
            `none` or `skip` are set, no information is displayed
            upon hovering. But, if `none` is set, click and hover
            events are still fired.
        hoverinfosrc
            Sets the source reference on Chart Studio Cloud for
            `hoverinfo`.
        hoverlabel
            :class:`plotly.graph_objects.bar.Hoverlabel` instance
            or dict with compatible properties
        hovertemplate
            Template string used for rendering the information that
            appear on hover box. Note that this will override
            `hoverinfo`. Variables are inserted using %{variable},
            for example "y: %{y}" as well as %{xother}, {%_xother},
            {%_xother_}, {%xother_}. When showing info for several
            points, "xother" will be added to those with different
            x positions from the first point. An underscore before
            or after "(x|y)other" will add a space on that side,
            only when this field is shown. Numbers are formatted
            using d3-format's syntax %{variable:d3-format}, for
            example "Price: %{y:$.2f}".
            https://github.com/d3/d3-format/tree/v1.4.5#d3-format
            for details on the formatting syntax. Dates are
            formatted using d3-time-format's syntax
            %{variable|d3-time-format}, for example "Day:
            %{2019-01-01|%A}". https://github.com/d3/d3-time-
            format/tree/v2.2.3#locale_format for details on the
            date formatting syntax. Variables that can't be found
            will be replaced with the specifier. For example, a
            template of "data: %{x}, %{y}" will result in a value
            of "data: 1, %{y}" if x is 1 and y is missing.
            Variables with an undefined value will be replaced with
            the fallback value. The variables available in
            `hovertemplate` are the ones emitted as event data
            described at this link
            https://plotly.com/javascript/plotlyjs-events/#event-
            data. Additionally, all attributes that can be
            specified per-point (the ones that are `arrayOk: true`)
            are available. Finally, the template string has access
            to variables `value` and `label`. Anything contained in
            tag `<extra>` is displayed in the secondary box, for
            example `<extra>%{fullData.name}</extra>`. To hide the
            secondary box completely, use an empty tag
            `<extra></extra>`.
        hovertemplatefallback
            Fallback string that's displayed when a variable
            referenced in a template is missing. If the boolean
            value 'false' is passed in, the specifier with the
            missing variable will be displayed.
        hovertemplatesrc
            Sets the source reference on Chart Studio Cloud for
            `hovertemplate`.
        hovertext
            Sets hover text elements associated with each (x,y)
            pair. If a single string, the same string appears over
            all the data points. If an array of string, the items
            are mapped in order to the this trace's (x,y)
            coordinates. To be seen, trace `hoverinfo` must contain
            a "text" flag.
        hovertextsrc
            Sets the source reference on Chart Studio Cloud for
            `hovertext`.
        ids
            Assigns id labels to each datum. These ids for object
            constancy of data points during animation. Should be an
            array of strings, not numbers or any other type.
        idssrc
            Sets the source reference on Chart Studio Cloud for
            `ids`.
        insidetextanchor
            Determines if texts are kept at center or start/end
            points in `textposition` "inside" mode.
        insidetextfont
            Sets the font used for `text` lying inside the bar.
        legend
            Sets the reference to a legend to show this trace in.
            References to these legends are "legend", "legend2",
            "legend3", etc. Settings for these legends are set in
            the layout, under `layout.legend`, `layout.legend2`,
            etc.
        legendgroup
            Sets the legend group for this trace. Traces and shapes
            part of the same legend group hide/show at the same
            time when toggling legend items.
        legendgrouptitle
            :class:`plotly.graph_objects.bar.Legendgrouptitle`
            instance or dict with compatible properties
        legendrank
            Sets the legend rank for this trace. Items and groups
            with smaller ranks are presented on top/left side while
            with "reversed" `legend.traceorder` they are on
            bottom/right side. The default legendrank is 1000, so
            that you can use ranks less than 1000 to place certain
            items before all unranked items, and ranks greater than
            1000 to go after all unranked items. When having
            unranked or equal rank items shapes would be displayed
            after traces i.e. according to their order in data and
            layout.
        legendwidth
            Sets the width (in px or fraction) of the legend for
            this trace.
        marker
            :class:`plotly.graph_objects.bar.Marker` instance or
            dict with compatible properties
        meta
            Assigns extra meta information associated with this
            trace that can be used in various text attributes.
            Attributes such as trace `name`, graph, axis and
            colorbar `title.text`, annotation `text`
            `rangeselector`, `updatemenues` and `sliders` `label`
            text all support `meta`. To access the trace `meta`
            values in an attribute in the same trace, simply use
            `%{meta[i]}` where `i` is the index or key of the
            `meta` item in question. To access trace `meta` in
            layout attributes, use `%{data[n[.meta[i]}` where `i`
            is the index or key of the `meta` and `n` is the trace
            index.
        metasrc
            Sets the source reference on Chart Studio Cloud for
            `meta`.
        name
            Sets the trace name. The trace name appears as the
            legend item and on hover.
        offset
            Shifts the position where the bar is drawn (in position
            axis units). In "group" barmode, traces that set
            "offset" will be excluded and drawn in "overlay" mode
            instead.
        offsetgroup
            Set several traces linked to the same position axis or
            matching axes to the same offsetgroup where bars of the
            same position coordinate will line up.
        offsetsrc
            Sets the source reference on Chart Studio Cloud for
            `offset`.
        opacity
            Sets the opacity of the trace.
        orientation
            Sets the orientation of the bars. With "v" ("h"), the
            value of the each bar spans along the vertical
            (horizontal).
        outsidetextfont
            Sets the font used for `text` lying outside the bar.
        selected
            :class:`plotly.graph_objects.bar.Selected` instance or
            dict with compatible properties
        selectedpoints
            Array containing integer indices of selected points.
            Has an effect only for traces that support selections.
            Note that an empty array means an empty selection where
            the `unselected` are turned on for all points, whereas,
            any other non-array values means no selection all where
            the `selected` and `unselected` styles have no effect.
        showlegend
            Determines whether or not an item corresponding to this
            trace is shown in the legend.
        stream
            :class:`plotly.graph_objects.bar.Stream` instance or
            dict with compatible properties
        text
            Sets text elements associated with each (x,y) pair. If
            a single string, the same string appears over all the
            data points. If an array of string, the items are
            mapped in order to the this trace's (x,y) coordinates.
            If trace `hoverinfo` contains a "text" flag and
            "hovertext" is not set, these elements will be seen in
            the hover labels.
        textangle
            Sets the angle of the tick labels with respect to the
            bar. For example, a `tickangle` of -90 draws the tick
            labels vertically. With "auto" the texts may
            automatically be rotated to fit with the maximum size
            in bars.
        textfont
            Sets the font used for `text`.
        textposition
            Specifies the location of the `text`. "inside"
            positions `text` inside, next to the bar end (rotated
            and scaled if needed). "outside" positions `text`
            outside, next to the bar end (scaled if needed), unless
            there is another bar stacked on this one, then the text
            gets pushed inside. "auto" tries to position `text`
            inside the bar, but if the bar is too small and no bar
            is stacked on this one the text is moved outside. If
            "none", no text appears.
        textpositionsrc
            Sets the source reference on Chart Studio Cloud for
            `textposition`.
        textsrc
            Sets the source reference on Chart Studio Cloud for
            `text`.
        texttemplate
            Template string used for rendering the information text
            that appears on points. Note that this will override
            `textinfo`. Variables are inserted using %{variable},
            for example "y: %{y}". Numbers are formatted using
            d3-format's syntax %{variable:d3-format}, for example
            "Price: %{y:$.2f}".
            https://github.com/d3/d3-format/tree/v1.4.5#d3-format
            for details on the formatting syntax. Dates are
            formatted using d3-time-format's syntax
            %{variable|d3-time-format}, for example "Day:
            %{2019-01-01|%A}". https://github.com/d3/d3-time-
            format/tree/v2.2.3#locale_format for details on the
            date formatting syntax. Variables that can't be found
            will be replaced with the specifier. For example, a
            template of "data: %{x}, %{y}" will result in a value
            of "data: 1, %{y}" if x is 1 and y is missing.
            Variables with an undefined value will be replaced with
            the fallback value. All attributes that can be
            specified per-point (the ones that are `arrayOk: true`)
            are available. Finally, the template string has access
            to variables `value` and `label`.
        texttemplatefallback
            Fallback string that's displayed when a variable
            referenced in a template is missing. If the boolean
            value 'false' is passed in, the specifier with the
            missing variable will be displayed.
        texttemplatesrc
            Sets the source reference on Chart Studio Cloud for
            `texttemplate`.
        uid
            Assign an id to this trace, Use this to provide object
            constancy between traces during animations and
            transitions.
        uirevision
            Controls persistence of some user-driven changes to the
            trace: `constraintrange` in `parcoords` traces, as well
            as some `editable: true` modifications such as `name`
            and `colorbar.title`. Defaults to `layout.uirevision`.
            Note that other user-driven trace attribute changes are
            controlled by `layout` attributes: `trace.visible` is
            controlled by `layout.legend.uirevision`,
            `selectedpoints` is controlled by
            `layout.selectionrevision`, and `colorbar.(x|y)`
            (accessible with `config: {editable: true}`) is
            controlled by `layout.editrevision`. Trace changes are
            tracked by `uid`, which only falls back on trace index
            if no `uid` is provided. So if your app can add/remove
            traces before the end of the `data` array, such that
            the same trace has a different index, you can still
            preserve user-driven changes if you give each trace a
            `uid` that stays with it as it moves.
        unselected
            :class:`plotly.graph_objects.bar.Unselected` instance
            or dict with compatible properties
        visible
            Determines whether or not this trace is visible. If
            "legendonly", the trace is not drawn, but can appear as
            a legend item (provided that the legend itself is
            visible).
        width
            Sets the bar width (in position axis units).
        widthsrc
            Sets the source reference on Chart Studio Cloud for
            `width`.
        x
            Sets the x coordinates.
        x0
            Alternate to `x`. Builds a linear space of x
            coordinates. Use with `dx` where `x0` is the starting
            coordinate and `dx` the step.
        xaxis
            Sets a reference between this trace's x coordinates and
            a 2D cartesian x axis. If "x" (the default value), the
            x coordinates refer to `layout.xaxis`. If "x2", the x
            coordinates refer to `layout.xaxis2`, and so on.
        xcalendar
            Sets the calendar system to use with `x` date data.
        xhoverformat
            Sets the hover text formatting rulefor `x`  using d3
            formatting mini-languages which are very similar to
            those in Python. For numbers, see:
            https://github.com/d3/d3-format/tree/v1.4.5#d3-format.
            And for dates see: https://github.com/d3/d3-time-
            format/tree/v2.2.3#locale_format. We add two items to
            d3's date formatter: "%h" for half of the year as a
            decimal number as well as "%{n}f" for fractional
            seconds with n digits. For example, *2016-10-13
            09:15:23.456* with tickformat "%H~%M~%S.%2f" would
            display *09~15~23.46*By default the values are
            formatted using `xaxis.hoverformat`.
        xperiod
            Only relevant when the axis `type` is "date". Sets the
            period positioning in milliseconds or "M<n>" on the x
            axis. Special values in the form of "M<n>" could be
            used to declare the number of months. In this case `n`
            must be a positive integer.
        xperiod0
            Only relevant when the axis `type` is "date". Sets the
            base for period positioning in milliseconds or date
            string on the x0 axis. When `x0period` is round number
            of weeks, the `x0period0` by default would be on a
            Sunday i.e. 2000-01-02, otherwise it would be at
            2000-01-01.
        xperiodalignment
            Only relevant when the axis `type` is "date". Sets the
            alignment of data points on the x axis.
        xsrc
            Sets the source reference on Chart Studio Cloud for
            `x`.
        y
            Sets the y coordinates.
        y0
            Alternate to `y`. Builds a linear space of y
            coordinates. Use with `dy` where `y0` is the starting
            coordinate and `dy` the step.
        yaxis
            Sets a reference between this trace's y coordinates and
            a 2D cartesian y axis. If "y" (the default value), the
            y coordinates refer to `layout.yaxis`. If "y2", the y
            coordinates refer to `layout.yaxis2`, and so on.
        ycalendar
            Sets the calendar system to use with `y` date data.
        yhoverformat
            Sets the hover text formatting rulefor `y`  using d3
            formatting mini-languages which are very similar to
            those in Python. For numbers, see:
            https://github.com/d3/d3-format/tree/v1.4.5#d3-format.
            And for dates see: https://github.com/d3/d3-time-
            format/tree/v2.2.3#locale_format. We add two items to
            d3's date formatter: "%h" for half of the year as a
            decimal number as well as "%{n}f" for fractional
            seconds with n digits. For example, *2016-10-13
            09:15:23.456* with tickformat "%H~%M~%S.%2f" would
            display *09~15~23.46*By default the values are
            formatted using `yaxis.hoverformat`.
        yperiod
            Only relevant when the axis `type` is "date". Sets the
            period positioning in milliseconds or "M<n>" on the y
            axis. Special values in the form of "M<n>" could be
            used to declare the number of months. In this case `n`
            must be a positive integer.
        yperiod0
            Only relevant when the axis `type` is "date". Sets the
            base for period positioning in milliseconds or date
            string on the y0 axis. When `y0period` is round number
            of weeks, the `y0period0` by default would be on a
            Sunday i.e. 2000-01-02, otherwise it would be at
            2000-01-01.
        yperiodalignment
            Only relevant when the axis `type` is "date". Sets the
            alignment of data points on the y axis.
        ysrc
            Sets the source reference on Chart Studio Cloud for
            `y`.
        zorder
            Sets the layer on which this trace is displayed,
            relative to other SVG traces on the same subplot. SVG
            traces with higher `zorder` appear in front of those
            with lower `zorder`.
        
Did you mean "hoverlabel"?

Bad property path:
colorscale
^^^^^^^^^^
2026-06-25 09:23:41.112 Please replace `use_container_width` with `width`.

`use_container_width` will be removed after 2025-12-31.

For `use_container_width=True`, use `width='stretch'`. For `use_container_width=False`, use `width='content'`.
2026-06-25 09:23:42.736 Please replace `use_container_width` with `width`.

`use_container_width` will be removed after 2025-12-31.

For `use_container_width=True`, use `width='stretch'`. For `use_container_width=False`, use `width='content'`.
